[debug] [2022-02-14T15:14:18.794Z] ----------------------------------------------------------------------
[debug] [2022-02-14T15:14:18.797Z] Command:       /home/mambo/.nvm/versions/node/v14.17.6/bin/node /home/mambo/.nvm/versions/node/v14.17.6/bin/firebase init
[debug] [2022-02-14T15:14:18.798Z] CLI Version:   10.2.0
[debug] [2022-02-14T15:14:18.798Z] Platform:      linux
[debug] [2022-02-14T15:14:18.798Z] Node Version:  v14.17.6
[debug] [2022-02-14T15:14:18.805Z] Time:          Mon Feb 14 2022 18:14:18 GMT+0300 (East Africa Time)
[debug] [2022-02-14T15:14:18.806Z] ----------------------------------------------------------------------
[debug] 
[debug] [2022-02-14T15:14:19.006Z] > command requires scopes: ["email","openid","https://www.googleapis.com/auth/cloudplatformprojects.readonly","https://www.googleapis.com/auth/firebase","https://www.googleapis.com/auth/cloud-platform"]
[debug] [2022-02-14T15:14:19.006Z] > authorizing via signed-in user (edwinmambo33@gmail.com)
[info] 
     ######## #### ########  ######## ########     ###     ######  ########
     ##        ##  ##     ## ##       ##     ##  ##   ##  ##       ##
     ######    ##  ########  ######   ########  #########  ######  ######
     ##        ##  ##    ##  ##       ##     ## ##     ##       ## ##
     ##       #### ##     ## ######## ########  ##     ##  ######  ########

You're about to initialize a Firebase project in this directory:

  /home/mambo/code/angular/tic-tac-toe

Before we get started, keep in mind:

  * You are initializing within an existing Firebase project directory

[info] 
=== Project Setup
[info] 
[info] First, let's associate this project directory with a Firebase project.
[info] You can create multiple project aliases by running firebase use --add, 
[info] but for now we'll just set up a default project.
[info] 
[debug] [2022-02-14T15:19:36.187Z] > refreshing access token with scopes: []
[debug] [2022-02-14T15:19:36.193Z] >>> HTTP REQUEST POST https://www.googleapis.com/oauth2/v3/token  
 <request body omitted>
[debug] [2022-02-14T15:19:37.601Z] <<< HTTP RESPONSE 200 {"pragma":"no-cache","date":"Mon, 14 Feb 2022 15:19:37 GMT","expires":"Mon, 01 Jan 1990 00:00:00 GMT","cache-control":"no-cache, no-store, max-age=0, must-revalidate","content-type":"application/json; charset=utf-8","vary":"X-Origin, Referer, Origin,Accept-Encoding","server":"scaffolding on HTTPServer2","x-xss-protection":"0","x-frame-options":"SAMEORIGIN","x-content-type-options":"nosniff","alt-svc":"h3=\":443\"; ma=2592000,h3-29=\":443\"; ma=2592000,h3-Q050=\":443\"; ma=2592000,h3-Q046=\":443\"; ma=2592000,h3-Q043=\":443\"; ma=2592000,quic=\":443\"; ma=2592000; v=\"46,43\"","accept-ranges":"none","transfer-encoding":"chunked"}
[debug] [2022-02-14T15:19:37.643Z] >>> [apiv2][query] GET https://firebase.googleapis.com/v1beta1/projects pageSize=100
[debug] [2022-02-14T15:19:38.652Z] <<< [apiv2][status] GET https://firebase.googleapis.com/v1beta1/projects 200
[debug] [2022-02-14T15:19:38.654Z] <<< [apiv2][body] GET https://firebase.googleapis.com/v1beta1/projects [omitted]
[info] i  Using project mambo-games (mambo-games) 
[info] 
=== Hosting Setup
[info] 
[info] Your public directory is the folder (relative to your project directory) that
[info] will contain Hosting assets to be uploaded with firebase deploy. If you
[info] have a build process for your assets, use your build's output directory.
[info] 
[debug] [2022-02-14T15:20:13.617Z] >>> [apiv2][query] GET https://www.gstatic.com/firebasejs/releases.json [none]
[debug] [2022-02-14T15:20:13.949Z] <<< [apiv2][status] GET https://www.gstatic.com/firebasejs/releases.json 200
[debug] [2022-02-14T15:20:13.949Z] <<< [apiv2][body] GET https://www.gstatic.com/firebasejs/releases.json {"current":{"version":"9.6.6","browserURL":"https://www.gstatic.com/firebasejs/9.6.6/firebase.js","packageURL":"https://www.gstatic.com/firebasejs/9.6.6/firebase.tgz"},"live":{"version":"9.6","browserURL":"https://www.gstatic.com/firebasejs/live/9.6/firebase.js","packageURL":"https://www.gstatic.com/firebasejs/live/9.6/firebase.tgz"},"components":{"analytics":"https://www.gstatic.com/firebasejs/9.6.6/firebase-analytics.js","app":"https://www.gstatic.com/firebasejs/9.6.6/firebase-app.js","app-check":"https://www.gstatic.com/firebasejs/9.6.6/firebase-app-check.js","auth":"https://www.gstatic.com/firebasejs/9.6.6/firebase-auth.js","auth/cordova":"https://www.gstatic.com/firebasejs/9.6.6/firebase-auth/cordova.js","auth/react-native":"https://www.gstatic.com/firebasejs/9.6.6/firebase-auth/react-native.js","functions":"https://www.gstatic.com/firebasejs/9.6.6/firebase-functions.js","firestore":"https://www.gstatic.com/firebasejs/9.6.6/firebase-firestore.js","firestore/lite":"https://www.gstatic.com/firebasejs/9.6.6/firebase-firestore/lite.js","storage":"https://www.gstatic.com/firebasejs/9.6.6/firebase-storage.js","performance":"https://www.gstatic.com/firebasejs/9.6.6/firebase-performance.js","remote-config":"https://www.gstatic.com/firebasejs/9.6.6/firebase-remote-config.js","messaging":"https://www.gstatic.com/firebasejs/9.6.6/firebase-messaging.js","messaging/sw":"https://www.gstatic.com/firebasejs/9.6.6/firebase-messaging/sw.js","database":"https://www.gstatic.com/firebasejs/9.6.6/firebase-database.js","firestore.memory":"https://www.gstatic.com/firebasejs/9.6.6/firebase-firestore.memory.js"}}
[info] ✔  Wrote dist/index.html 
[info] 
[info] i  Detected a .git folder at /home/mambo/code/angular/tic-tac-toe 
[info] i  Authorizing with GitHub to upload your service account to a GitHub repository's secrets store. 
[info] 
[info] Visit this URL on this device to log in:
[info] https://github.com/login/oauth/authorize?client_id=89cf50f02ac6aaed3484&state=550547352&redirect_uri=http%3A%2F%2Flocalhost%3A9005&scope=read%3Auser%20repo%20public_repo
[info] 
[info] Waiting for authentication...
[debug] [2022-02-14T15:20:35.391Z] >>> HTTP REQUEST POST https://github.com/login/oauth/access_token  
 {"client_id":"89cf50f02ac6aaed3484","client_secret":"3330d14abc895d9a74d5f17cd7a00711fa2c5bf0","code":"6a5d616d0ef4aa6dd550","redirect_uri":"http://localhost:9005","state":"550547352"}
[debug] [2022-02-14T15:20:36.261Z] <<< HTTP RESPONSE 200 {"server":"GitHub.com","date":"Mon, 14 Feb 2022 15:20:36 GMT","content-type":"application/json; charset=utf-8","transfer-encoding":"chunked","vary":"X-PJAX, X-PJAX-Container, Accept-Encoding, Accept, X-Requested-With","permissions-policy":"interest-cohort=()","etag":"W/\"dbf705ec25465b9f9d39a29b1a80926f\"","cache-control":"max-age=0, private, must-revalidate","strict-transport-security":"max-age=31536000; includeSubdomains; preload","x-frame-options":"deny","x-content-type-options":"nosniff","x-xss-protection":"0","referrer-policy":"origin-when-cross-origin, strict-origin-when-cross-origin","expect-ct":"max-age=2592000, report-uri=\"https://api.github.com/_private/browser/errors\"","content-security-policy":"default-src 'none'; base-uri 'self'; block-all-mixed-content; child-src github.com/assets-cdn/worker/ gist.github.com/assets-cdn/worker/; connect-src 'self' uploads.github.com objects-origin.githubusercontent.com www.githubstatus.com collector.githubapp.com collector.github.com api.github.com github-cloud.s3.amazonaws.com github-production-repository-file-5c1aeb.s3.amazonaws.com github-production-upload-manifest-file-7fdce7.s3.amazonaws.com github-production-user-asset-6210df.s3.amazonaws.com cdn.optimizely.com logx.optimizely.com/v1/events translator.github.com wss://alive.github.com; font-src github.githubassets.com; form-action 'self' github.com gist.github.com objects-origin.githubusercontent.com; frame-ancestors 'none'; frame-src render.githubusercontent.com viewscreen.githubusercontent.com notebooks.githubusercontent.com; img-src 'self' data: github.githubassets.com identicons.github.com collector.githubapp.com collector.github.com github-cloud.s3.amazonaws.com secured-user-images.githubusercontent.com/ *.githubusercontent.com; manifest-src 'self'; media-src github.com user-images.githubusercontent.com/; script-src github.githubassets.com; style-src 'unsafe-inline' github.githubassets.com; worker-src github.com/assets-cdn/worker/ gist.github.com/assets-cdn/worker/","x-github-request-id":"CDEE:E4C2:20D3733:2408BBB:620A7343"}
[debug] [2022-02-14T15:20:36.282Z] >>> [apiv2][query] GET https://api.github.com/user [none]
[debug] [2022-02-14T15:20:37.287Z] <<< [apiv2][status] GET https://api.github.com/user 200
[debug] [2022-02-14T15:20:37.287Z] <<< [apiv2][body] GET https://api.github.com/user {"login":"educhinski","id":56719376,"node_id":"MDQ6VXNlcjU2NzE5Mzc2","avatar_url":"https://avatars.githubusercontent.com/u/56719376?v=4","gravatar_id":"","url":"https://api.github.com/users/educhinski","html_url":"https://github.com/educhinski","followers_url":"https://api.github.com/users/educhinski/followers","following_url":"https://api.github.com/users/educhinski/following{/other_user}","gists_url":"https://api.github.com/users/educhinski/gists{/gist_id}","starred_url":"https://api.github.com/users/educhinski/starred{/owner}{/repo}","subscriptions_url":"https://api.github.com/users/educhinski/subscriptions","organizations_url":"https://api.github.com/users/educhinski/orgs","repos_url":"https://api.github.com/users/educhinski/repos","events_url":"https://api.github.com/users/educhinski/events{/privacy}","received_events_url":"https://api.github.com/users/educhinski/received_events","type":"User","site_admin":false,"name":"Edwin Mambo","company":null,"blog":"","location":"Nairobi, Kenya","email":null,"hireable":null,"bio":"Front End Developer","twitter_username":null,"public_repos":36,"public_gists":0,"followers":1,"following":10,"created_at":"2019-10-18T09:02:50Z","updated_at":"2022-02-13T09:32:39Z","private_gists":0,"total_private_repos":3,"owned_private_repos":3,"disk_usage":79897,"collaborators":0,"two_factor_authentication":false,"plan":{"name":"free","space":976562499,"collaborators":0,"private_repos":10000}}
[info] 
[info] ✔  Success! Logged into GitHub as educhinski 
[info] 
[debug] [2022-02-14T15:21:12.931Z] >>> [apiv2][query] GET https://api.github.com/repos/educhinski/tic-tac-toe/actions/secrets/public-key type=owner
[debug] [2022-02-14T15:21:13.728Z] <<< [apiv2][status] GET https://api.github.com/repos/educhinski/tic-tac-toe/actions/secrets/public-key 404
[debug] [2022-02-14T15:21:13.729Z] <<< [apiv2][body] GET https://api.github.com/repos/educhinski/tic-tac-toe/actions/secrets/public-key {"message":"Not Found","documentation_url":"https://docs.github.com/rest/reference/actions#get-a-repository-public-key"}
[debug] [2022-02-14T15:21:22.021Z] >>> [apiv2][query] GET https://api.github.com/repos/educhinski/tic-tac-toe/actions/secrets/public-key type=owner
[debug] [2022-02-14T15:21:22.761Z] <<< [apiv2][status] GET https://api.github.com/repos/educhinski/tic-tac-toe/actions/secrets/public-key 404
[debug] [2022-02-14T15:21:22.763Z] <<< [apiv2][body] GET https://api.github.com/repos/educhinski/tic-tac-toe/actions/secrets/public-key {"message":"Not Found","documentation_url":"https://docs.github.com/rest/reference/actions#get-a-repository-public-key"}
